<?xml version="1.0" encoding="UTF-8"?>
<!-- Generated by org.testng.reporters.JUnitReportReporter -->
<testsuite hostname="bdc7-d-BJXGH92" name="Hello" tests="1" failures="0" timestamp="20 Mar 2017 05:48:28 GMT" time="0.016" errors="0">
  <testcase name="display" time="0.016" classname="Hello"/>
</testsuite> <!-- Hello -->
